<?xml version="1.0" encoding="UTF-8"?>
<testsuite name="ru.stqa.pfd.addressbook.RazdelCreationTest" tests="1" skipped="0" failures="0" errors="0" timestamp="2022-04-10T22:47:31" hostname="HOME-PC" time="2.888">
  <properties/>
  <testcase name="testRazdelCreation" classname="ru.stqa.pfd.addressbook.RazdelCreationTest" time="2.888"/>
  <system-out><![CDATA[]]></system-out>
  <system-err><![CDATA[Starting ChromeDriver 100.0.4896.60 (6a5d10861ce8de5fce22564658033b43cb7de047-refs/branch-heads/4896@{#875}) on port 62542
Only local connections are allowed.
Please see https://chromedriver.chromium.org/security-considerations for suggestions on keeping ChromeDriver safe.
ChromeDriver was started successfully.
апр. 11, 2022 8:47:30 AM org.openqa.selenium.remote.ProtocolHandshake createSession
INFO: Detected dialect: W3C
апр. 11, 2022 8:47:30 AM org.openqa.selenium.devtools.CdpVersionFinder findNearestMatch
WARNING: Unable to find an exact match for CDP version 100, so returning the closest version found: 97
апр. 11, 2022 8:47:30 AM org.openqa.selenium.devtools.CdpVersionFinder findNearestMatch
INFO: Found CDP implementation for version 100 of 97
]]></system-err>
</testsuite>
