<?xml version="1.0" encoding="UTF-8"?>
<testsuite name="ru.stqa.pfd.addressbook.test.RazdelCreationTest" tests="1" skipped="0" failures="0" errors="0" timestamp="2022-04-11T22:58:15" hostname="HOME-PC" time="4.049">
  <properties/>
  <testcase name="testRazdelCreation" classname="ru.stqa.pfd.addressbook.test.RazdelCreationTest" time="4.049"/>
  <system-out><![CDATA[]]></system-out>
  <system-err><![CDATA[Starting ChromeDriver 100.0.4896.60 (6a5d10861ce8de5fce22564658033b43cb7de047-refs/branch-heads/4896@{#875}) on port 51320
Only local connections are allowed.
Please see https://chromedriver.chromium.org/security-considerations for suggestions on keeping ChromeDriver safe.
ChromeDriver was started successfully.
апр. 12, 2022 8:58:13 AM org.openqa.selenium.remote.ProtocolHandshake createSession
INFO: Detected dialect: W3C
апр. 12, 2022 8:58:13 AM org.openqa.selenium.devtools.CdpVersionFinder findNearestMatch
WARNING: Unable to find an exact match for CDP version 100, so returning the closest version found: 97
апр. 12, 2022 8:58:13 AM org.openqa.selenium.devtools.CdpVersionFinder findNearestMatch
INFO: Found CDP implementation for version 100 of 97
]]></system-err>
</testsuite>
